{"name":"aboutUsValidation","status":"broken","statusDetails":{"known":false,"muted":false,"flaky":false,"message":"\nThe data provider is trying to pass 0 parameters but the method tests.aboutUsTest#aboutUsValidation takes 1 and TestNG is unable in inject a suitable object","trace":"org.testng.TestNGException: \nThe data provider is trying to pass 0 parameters but the method tests.aboutUsTest#aboutUsValidation takes 1 and TestNG is unable in inject a suitable object\r\n\tat org.testng.internal.Invoker.injectParameters(Invoker.java:1361)\r\n\tat org.testng.internal.Invoker.invokeTestMethods(Invoker.java:1225)\r\n\tat org.testng.internal.TestMethodWorker.invokeTestMethods(TestMethodWorker.java:127)\r\n\tat org.testng.internal.TestMethodWorker.run(TestMethodWorker.java:111)\r\n\tat org.testng.TestRunner.privateRun(TestRunner.java:767)\r\n\tat org.testng.TestRunner.run(TestRunner.java:617)\r\n\tat org.testng.SuiteRunner.runTest(SuiteRunner.java:334)\r\n\tat org.testng.SuiteRunner.runSequentially(SuiteRunner.java:329)\r\n\tat org.testng.SuiteRunner.privateRun(SuiteRunner.java:291)\r\n\tat org.testng.SuiteRunner.run(SuiteRunner.java:240)\r\n\tat org.testng.SuiteRunnerWorker.runSuite(SuiteRunnerWorker.java:52)\r\n\tat org.testng.SuiteRunnerWorker.run(SuiteRunnerWorker.java:86)\r\n\tat org.testng.TestNG.runSuitesSequentially(TestNG.java:1198)\r\n\tat org.testng.TestNG.runSuitesLocally(TestNG.java:1123)\r\n\tat org.testng.TestNG.run(TestNG.java:1031)\r\n\tat org.testng.remote.AbstractRemoteTestNG.run(AbstractRemoteTestNG.java:115)\r\n\tat org.testng.remote.RemoteTestNG.initAndRun(RemoteTestNG.java:293)\r\n\tat org.testng.remote.RemoteTestNG.main(RemoteTestNG.java:91)\r\nCaused by: java.lang.ArrayIndexOutOfBoundsException: Index 0 out of bounds for length 0\r\n\tat org.testng.internal.Invoker.injectParameters(Invoker.java:1359)\r\n\t... 17 more\r\n"},"stage":"finished","steps":[],"attachments":[],"parameters":[],"start":1731327770391,"stop":1731327770402,"uuid":"7e7bb720-773c-4fce-8f05-f6170b17a9ff","historyId":"1d9c729c32281c3497710e183f66e3da","fullName":"tests.aboutUsTest.aboutUsValidation","labels":[{"name":"package","value":"tests.aboutUsTest"},{"name":"testClass","value":"tests.aboutUsTest"},{"name":"testMethod","value":"aboutUsValidation"},{"name":"parentSuite","value":"Default suite"},{"name":"suite","value":"Default test"},{"name":"subSuite","value":"tests.aboutUsTest"},{"name":"host","value":"DESKTOP-R4NKMTL"},{"name":"thread","value":"768@DESKTOP-R4NKMTL.main(1)"},{"name":"framework","value":"testng"},{"name":"language","value":"java"}],"links":[]}